<?xml version="1.0" encoding="UTF-8"?>
<testng-results skipped="0" failed="1" total="1" passed="0">
  <reporter-output>
    <line>
      <![CDATA[STEP1]]>
    </line>
    <line>
      <![CDATA[STEP2]]>
    </line>
    <line>
      <![CDATA[STEP3]]>
    </line>
    <line>
      <![CDATA[STEP4]]>
    </line>
    <line>
      <![CDATA[STEP5]]>
    </line>
    <line>
      <![CDATA[STEP6]]>
    </line>
    <line>
      <![CDATA[STEP7]]>
    </line>
    <line>
      <![CDATA[STEP8]]>
    </line>
    <line>
      <![CDATA[STEP9]]>
    </line>
    <line>
      <![CDATA[STEP10]]>
    </line>
    <line>
      <![CDATA[STEP11]]>
    </line>
    <line>
      <![CDATA[STEP12]]>
    </line>
    <line>
      <![CDATA[STEP13]]>
    </line>
    <line>
      <![CDATA[STEP14]]>
    </line>
    <line>
      <![CDATA[STEP15]]>
    </line>
    <line>
      <![CDATA[STEP16]]>
    </line>
    <line>
      <![CDATA[STEP17]]>
    </line>
    <line>
      <![CDATA[STEP18]]>
    </line>
    <line>
      <![CDATA[STEP19]]>
    </line>
    <line>
      <![CDATA[STEP20]]>
    </line>
    <line>
      <![CDATA[STEP21]]>
    </line>
    <line>
      <![CDATA[STEP22]]>
    </line>
    <line>
      <![CDATA[STEP23]]>
    </line>
    <line>
      <![CDATA[STEP24]]>
    </line>
    <line>
      <![CDATA[STEP25]]>
    </line>
    <line>
      <![CDATA[STEP26]]>
    </line>
    <line>
      <![CDATA[STEP27]]>
    </line>
    <line>
      <![CDATA[STEP28]]>
    </line>
    <line>
      <![CDATA[STEP29]]>
    </line>
    <line>
      <![CDATA[STEP30]]>
    </line>
    <line>
      <![CDATA[STEP31]]>
    </line>
    <line>
      <![CDATA[STEP32]]>
    </line>
    <line>
      <![CDATA[STEP33]]>
    </line>
    <line>
      <![CDATA[STEP34]]>
    </line>
    <line>
      <![CDATA[STEP35]]>
    </line>
    <line>
      <![CDATA[STEP36]]>
    </line>
    <line>
      <![CDATA[STEP37]]>
    </line>
    <line>
      <![CDATA[STEP38]]>
    </line>
    <line>
      <![CDATA[STEP39]]>
    </line>
  </reporter-output>
  <suite name="ZADO QA" duration-ms="44727" started-at="2017-01-27T06:21:19Z" finished-at="2017-01-27T06:22:03Z">
    <groups>
    </groups>
    <test name="Test 1" duration-ms="44727" started-at="2017-01-27T06:21:19Z" finished-at="2017-01-27T06:22:03Z">
      <class name="TestNGClass">
        <test-method status="PASS" signature="testCaseProvider()[pri:0, instance:TestNGClass@2be94b0f]" name="testCaseProvider" is-config="true" duration-ms="1109" started-at="2017-01-27T11:51:19Z" finished-at="2017-01-27T11:51:20Z">
          <reporter-output>
          </reporter-output>
        </test-method> <!-- testCaseProvider -->
        <test-method status="FAIL" signature="launchapp(zautomate.zadoqa.utils.TestParameters)[pri:0, instance:TestNGClass@2be94b0f]" name="launchapp" duration-ms="43530" started-at="2017-01-27T11:51:20Z" data-provider="data" finished-at="2017-01-27T11:52:03Z">
          <params>
            <param index="0">
              <value>
                <![CDATA[TS_VD_TC_01_StateMileageSummary_firefox]]>
              </value>
            </param>
          </params>
          <exception class="java.lang.NullPointerException">
            <full-stacktrace>
              <![CDATA[java.lang.NullPointerException
	at zautomate.zadoqa.commands.Manipulation.condtionMatch(Manipulation.java:494)
	at zautomate.zadoqa.util.CommandUtils.executeAction(CommandUtils.java:451)
	at zautomate.zadoqa.datadriver.TestCaseRunner.exectuteTestCase(TestCaseRunner.java:70)
	at TestNGClass.launchapp(TestNGClass.java:130)
	at sun.reflect.NativeMethodAccessorImpl.invoke0(Native Method)
	at sun.reflect.NativeMethodAccessorImpl.invoke(Unknown Source)
	at sun.reflect.DelegatingMethodAccessorImpl.invoke(Unknown Source)
	at java.lang.reflect.Method.invoke(Unknown Source)
	at org.testng.internal.MethodInvocationHelper.invokeMethod(MethodInvocationHelper.java:85)
	at org.testng.internal.Invoker.invokeMethod(Invoker.java:659)
	at org.testng.internal.Invoker.invokeTestMethod(Invoker.java:845)
	at org.testng.internal.TestMethodWithDataProviderMethodWorker.call(TestMethodWithDataProviderMethodWorker.java:75)
	at org.testng.internal.TestMethodWithDataProviderMethodWorker.call(TestMethodWithDataProviderMethodWorker.java:14)
	at java.util.concurrent.FutureTask.run(Unknown Source)
	at java.util.concurrent.Executors$RunnableAdapter.call(Unknown Source)
	at java.util.concurrent.FutureTask.run(Unknown Source)
	at java.util.concurrent.ThreadPoolExecutor.runWorker(Unknown Source)
	at java.util.concurrent.ThreadPoolExecutor$Worker.run(Unknown Source)
	at java.lang.Thread.run(Unknown Source)
]]>
            </full-stacktrace>
          </exception> <!-- java.lang.NullPointerException -->
          <reporter-output>
            <line>
              <![CDATA[STEP1]]>
            </line>
            <line>
              <![CDATA[STEP2]]>
            </line>
            <line>
              <![CDATA[STEP3]]>
            </line>
            <line>
              <![CDATA[STEP4]]>
            </line>
            <line>
              <![CDATA[STEP5]]>
            </line>
            <line>
              <![CDATA[STEP6]]>
            </line>
            <line>
              <![CDATA[STEP7]]>
            </line>
            <line>
              <![CDATA[STEP8]]>
            </line>
            <line>
              <![CDATA[STEP9]]>
            </line>
            <line>
              <![CDATA[STEP10]]>
            </line>
            <line>
              <![CDATA[STEP11]]>
            </line>
            <line>
              <![CDATA[STEP12]]>
            </line>
            <line>
              <![CDATA[STEP13]]>
            </line>
            <line>
              <![CDATA[STEP14]]>
            </line>
            <line>
              <![CDATA[STEP15]]>
            </line>
            <line>
              <![CDATA[STEP16]]>
            </line>
            <line>
              <![CDATA[STEP17]]>
            </line>
            <line>
              <![CDATA[STEP18]]>
            </line>
            <line>
              <![CDATA[STEP19]]>
            </line>
            <line>
              <![CDATA[STEP20]]>
            </line>
            <line>
              <![CDATA[STEP21]]>
            </line>
            <line>
              <![CDATA[STEP22]]>
            </line>
            <line>
              <![CDATA[STEP23]]>
            </line>
            <line>
              <![CDATA[STEP24]]>
            </line>
            <line>
              <![CDATA[STEP25]]>
            </line>
            <line>
              <![CDATA[STEP26]]>
            </line>
            <line>
              <![CDATA[STEP27]]>
            </line>
            <line>
              <![CDATA[STEP28]]>
            </line>
            <line>
              <![CDATA[STEP29]]>
            </line>
            <line>
              <![CDATA[STEP30]]>
            </line>
            <line>
              <![CDATA[STEP31]]>
            </line>
            <line>
              <![CDATA[STEP32]]>
            </line>
            <line>
              <![CDATA[STEP33]]>
            </line>
            <line>
              <![CDATA[STEP34]]>
            </line>
            <line>
              <![CDATA[STEP35]]>
            </line>
            <line>
              <![CDATA[STEP36]]>
            </line>
            <line>
              <![CDATA[STEP37]]>
            </line>
            <line>
              <![CDATA[STEP38]]>
            </line>
            <line>
              <![CDATA[STEP39]]>
            </line>
          </reporter-output>
        </test-method> <!-- launchapp -->
      </class> <!-- TestNGClass -->
    </test> <!-- Test 1 -->
  </suite> <!-- ZADO QA -->
</testng-results>
